<?xml version="1.0" encoding="UTF-8"?>
<!-- Generated by org.testng.reporters.JUnitXMLReporter -->
<testsuite ignored="2" hostname="LIN-PF1TL17Q" failures="0" tests="5" name="Car Loan" time="0.203" errors="0" timestamp="2024-04-04T10:47:23 IST">
  <testcase classname="test.day3" name="MobileloginCarLoan" time="0.017"/>
  <testcase classname="test.day3" name="MobilesignoutcarLoan" time="0.006"/>
  <testcase classname="test.day3" name="MobilesignoutcarLoan" time="0.007"/>
  <testcase classname="test.day3" name="MobilesignoutcarLoan" time="0.004"/>
  <testcase classname="test.day3" name="WebloginCarLoan" time="0.006"/>
  <testcase classname="test.day3" name="MobilesigninCarLoan" time="0.0">
    <ignored/>
  </testcase> <!-- MobilesigninCarLoan -->
  <testcase classname="test.day3" name="APICarLoan" time="0.0">
    <ignored/>
  </testcase> <!-- APICarLoan -->
</testsuite> <!-- Car Loan -->
