<?xml version="1.0" encoding="UTF-8"?>
<!-- Generated by org.testng.reporters.JUnitXMLReporter -->
<testsuite ignored="3" hostname="LIN-PF1TL17Q" failures="0" tests="8" name="Regression" time="0.41" errors="0" timestamp="2024-04-03T18:45:40 IST">
  <testcase classname="test.day3" name="LoginAPICarLoan" time="0.037"/>
  <testcase classname="test.day3" name="MobilesigninCarLoan" time="0.013"/>
  <testcase classname="test.day3" name="MobilesignoutCarLoan" time="0.005"/>
  <testcase classname="test.day3" name="WebloginCarLoan" time="0.003"/>
  <testcase classname="test.day4" name="LoginAPIHomeLoan" time="0.005"/>
  <testcase classname="test.day4" name="WebloginHomeLoan" time="0.005"/>
  <testcase classname="test.day1" name="Demo" time="0.055"/>
  <testcase classname="test.day1" name="SecondTest" time="0.005"/>
  <testcase classname="test.day2" name="ploan" time="0.0">
    <ignored/>
  </testcase> <!-- ploan -->
  <testcase classname="test.day3" name="MobileloginCarLoan" time="0.0">
    <ignored/>
  </testcase> <!-- MobileloginCarLoan -->
  <testcase classname="test.day4" name="MobileloginHomeLoan" time="0.0">
    <ignored/>
  </testcase> <!-- MobileloginHomeLoan -->
</testsuite> <!-- Regression -->
