<?xml version="1.0" encoding="UTF-8"?>
<testng-results ignored="0" total="1" passed="1" failed="0" skipped="0">
  <reporter-output>
  </reporter-output>
  <suite started-at="2024-04-09T23:49:27 IST" name="Suite" finished-at="2024-04-09T23:49:40 IST" duration-ms="12025">
    <groups>
      <group name="ErrorHandling">
        <method signature="ErrorValidationsTest.LoginErrorValidation()[pri:0, instance:SelenTut.tests.ErrorValidationsTest@413d1baf]" name="LoginErrorValidation" class="SelenTut.tests.ErrorValidationsTest"/>
      </group> <!-- ErrorHandling -->
    </groups>
    <test started-at="2024-04-09T23:49:27 IST" name="Submit Order Test" finished-at="2024-04-09T23:49:28 IST" duration-ms="44">
    </test> <!-- Submit Order Test -->
    <test started-at="2024-04-09T23:49:27 IST" name="Error Validations Test" finished-at="2024-04-09T23:49:40 IST" duration-ms="12025">
      <class name="SelenTut.tests.ErrorValidationsTest">
        <test-method is-config="true" signature="launchApplication()[pri:0, instance:SelenTut.tests.ErrorValidationsTest@413d1baf]" started-at="2024-04-09T23:49:28 IST" name="launchApplication" finished-at="2024-04-09T23:49:38 IST" duration-ms="9919" status="PASS">
          <reporter-output>
          </reporter-output>
        </test-method> <!-- launchApplication -->
        <test-method signature="LoginErrorValidation()[pri:0, instance:SelenTut.tests.ErrorValidationsTest@413d1baf]" started-at="2024-04-09T23:49:38 IST" name="LoginErrorValidation" finished-at="2024-04-09T23:49:39 IST" duration-ms="1352" status="PASS">
          <reporter-output>
          </reporter-output>
        </test-method> <!-- LoginErrorValidation -->
        <test-method is-config="true" signature="tearDown()[pri:0, instance:SelenTut.tests.ErrorValidationsTest@413d1baf]" started-at="2024-04-09T23:49:39 IST" name="tearDown" finished-at="2024-04-09T23:49:40 IST" duration-ms="586" status="PASS">
          <reporter-output>
          </reporter-output>
        </test-method> <!-- tearDown -->
      </class> <!-- SelenTut.tests.ErrorValidationsTest -->
    </test> <!-- Error Validations Test -->
  </suite> <!-- Suite -->
</testng-results>
